<?xml version="1.0" encoding="UTF-8"?>
<testsuite name="com.example.demo.TesteSpringApplicationTests" tests="1" skipped="0" failures="0" errors="0" timestamp="2019-10-17T01:00:35" hostname="LAB" time="0.037">
  <properties/>
  <testcase name="contextLoads" classname="com.example.demo.TesteSpringApplicationTests" time="0.037"/>
  <system-out><![CDATA[22:00:31.929 [Test worker] DEBUG org.springframework.test.context.junit4.SpringJUnit4ClassRunner - SpringJUnit4ClassRunner constructor called with [class com.example.demo.TesteSpringApplicationTests]
22:00:31.935 [Test worker] DEBUG org.springframework.test.context.BootstrapUtils - Instantiating CacheAwareContextLoaderDelegate from class [org.springframework.test.context.cache.DefaultCacheAwareContextLoaderDelegate]
22:00:31.943 [Test worker] DEBUG org.springframework.test.context.BootstrapUtils - Instantiating BootstrapContext using constructor [public org.springframework.test.context.support.DefaultBootstrapContext(java.lang.Class,org.springframework.test.context.CacheAwareContextLoaderDelegate)]
22:00:31.959 [Test worker] DEBUG org.springframework.test.context.BootstrapUtils - Instantiating TestContextBootstrapper for test class [com.example.demo.TesteSpringApplicationTests] from class [org.springframework.boot.test.context.SpringBootTestContextBootstrapper]
22:00:31.969 [Test worker] INFO org.springframework.boot.test.context.SpringBootTestContextBootstrapper - Neither @ContextConfiguration nor @ContextHierarchy found for test class [com.example.demo.TesteSpringApplicationTests], using SpringBootContextLoader
22:00:31.972 [Test worker] DEBUG org.springframework.test.context.support.AbstractContextLoader - Did not detect default resource location for test class [com.example.demo.TesteSpringApplicationTests]: class path resource [com/example/demo/TesteSpringApplicationTests-context.xml] does not exist
22:00:31.972 [Test worker] DEBUG org.springframework.test.context.support.AbstractContextLoader - Did not detect default resource location for test class [com.example.demo.TesteSpringApplicationTests]: class path resource [com/example/demo/TesteSpringApplicationTestsContext.groovy] does not exist
22:00:31.972 [Test worker] INFO org.springframework.test.context.support.AbstractContextLoader - Could not detect default resource locations for test class [com.example.demo.TesteSpringApplicationTests]: no resource found for suffixes {-context.xml, Context.groovy}.
22:00:31.973 [Test worker] INFO org.springframework.test.context.support.AnnotationConfigContextLoaderUtils - Could not detect default configuration classes for test class [com.example.demo.TesteSpringApplicationTests]: TesteSpringApplicationTests does not declare any static, non-private, non-final, nested classes annotated with @Configuration.
22:00:32.008 [Test worker] DEBUG org.springframework.test.context.support.ActiveProfilesUtils - Could not find an 'annotation declaring class' for annotation type [org.springframework.test.context.ActiveProfiles] and class [com.example.demo.TesteSpringApplicationTests]
22:00:32.061 [Test worker] DEBUG org.springframework.context.annotation.ClassPathScanningCandidateComponentProvider - Identified candidate component class: file [D:\ARQUIVOS DOS ALUNOS\nessa\demo_spring-20191016T222958Z-001\demo_spring\demo\build\classes\java\main\com\example\demo\TesteSpringApplication.class]
22:00:32.069 [Test worker] INFO org.springframework.boot.test.context.SpringBootTestContextBootstrapper - Found @SpringBootConfiguration com.example.demo.TesteSpringApplication for test class com.example.demo.TesteSpringApplicationTests
22:00:32.141 [Test worker] DEBUG org.springframework.boot.test.context.SpringBootTestContextBootstrapper - @TestExecutionListeners is not present for class [com.example.demo.TesteSpringApplicationTests]: using defaults.
22:00:32.141 [Test worker] INFO org.springframework.boot.test.context.SpringBootTestContextBootstrapper - Loaded default TestExecutionListener class names from location [META-INF/spring.factories]: [org.springframework.boot.test.autoconfigure.restdocs.RestDocsTestExecutionListener, org.springframework.boot.test.autoconfigure.web.client.MockRestServiceServerResetTestExecutionListener, org.springframework.boot.test.autoconfigure.web.servlet.MockMvcPrintOnlyOnFailureTestExecutionListener, org.springframework.boot.test.autoconfigure.web.servlet.WebDriverTestExecutionListener, org.springframework.boot.test.mock.mockito.MockitoTestExecutionListener, org.springframework.boot.test.mock.mockito.ResetMocksTestExecutionListener, org.springframework.test.context.web.ServletTestExecutionListener, org.springframework.test.context.support.DirtiesContextBeforeModesTestExecutionListener, org.springframework.test.context.support.DependencyInjectionTestExecutionListener, org.springframework.test.context.support.DirtiesContextTestExecutionListener, org.springframework.test.context.transaction.TransactionalTestExecutionListener, org.springframework.test.context.jdbc.SqlScriptsTestExecutionListener]
22:00:32.155 [Test worker] INFO org.springframework.boot.test.context.SpringBootTestContextBootstrapper - Using TestExecutionListeners: [org.springframework.test.context.web.ServletTestExecutionListener@209d9ec, org.springframework.test.context.support.DirtiesContextBeforeModesTestExecutionListener@5581a286, org.springframework.boot.test.mock.mockito.MockitoTestExecutionListener@29058ba7, org.springframework.boot.test.autoconfigure.SpringBootDependencyInjectionTestExecutionListener@38273a5a, org.springframework.test.context.support.DirtiesContextTestExecutionListener@742d520b, org.springframework.test.context.transaction.TransactionalTestExecutionListener@2ce05b9a, org.springframework.test.context.jdbc.SqlScriptsTestExecutionListener@29bdb512, org.springframework.boot.test.autoconfigure.restdocs.RestDocsTestExecutionListener@28c9af95, org.springframework.boot.test.autoconfigure.web.client.MockRestServiceServerResetTestExecutionListener@366a0d8d, org.springframework.boot.test.autoconfigure.web.servlet.MockMvcPrintOnlyOnFailureTestExecutionListener@1878ac51, org.springframework.boot.test.autoconfigure.web.servlet.WebDriverTestExecutionListener@5ca98f69, org.springframework.boot.test.mock.mockito.ResetMocksTestExecutionListener@39f9366e]
22:00:32.158 [Test worker] DEBUG org.springframework.test.annotation.ProfileValueUtils - Retrieved @ProfileValueSourceConfiguration [null] for test class [com.example.demo.TesteSpringApplicationTests]
22:00:32.158 [Test worker] DEBUG org.springframework.test.annotation.ProfileValueUtils - Retrieved ProfileValueSource type [class org.springframework.test.annotation.SystemProfileValueSource] for class [com.example.demo.TesteSpringApplicationTests]
22:00:32.159 [Test worker] DEBUG org.springframework.test.annotation.ProfileValueUtils - Retrieved @ProfileValueSourceConfiguration [null] for test class [com.example.demo.TesteSpringApplicationTests]
22:00:32.159 [Test worker] DEBUG org.springframework.test.annotation.ProfileValueUtils - Retrieved ProfileValueSource type [class org.springframework.test.annotation.SystemProfileValueSource] for class [com.example.demo.TesteSpringApplicationTests]
22:00:32.162 [Test worker] DEBUG org.springframework.test.context.support.AbstractDirtiesContextTestExecutionListener - Before test class: context [DefaultTestContext@539f998 testClass = TesteSpringApplicationTests, testInstance = [null], testMethod = [null], testException = [null], mergedContextConfiguration = [WebMergedContextConfiguration@68873099 testClass = TesteSpringApplicationTests, locations = '{}', classes = '{class com.example.demo.TesteSpringApplication}', contextInitializerClasses = '[]', activeProfiles = '{}', propertySourceLocations = '{}', propertySourceProperties = '{org.springframework.boot.test.context.SpringBootTestContextBootstrapper=true}', contextCustomizers = set[org.springframework.boot.test.autoconfigure.properties.PropertyMappingContextCustomizer@0, org.springframework.boot.test.autoconfigure.web.servlet.WebDriverContextCustomizerFactory$Customizer@f35ed4c, org.springframework.boot.test.context.filter.ExcludeFilterContextCustomizer@199643d0, org.springframework.boot.test.json.DuplicateJsonObjectContextCustomizerFactory$DuplicateJsonObjectContextCustomizer@4e03308e, org.springframework.boot.test.mock.mockito.MockitoContextCustomizer@0, org.springframework.boot.test.web.client.TestRestTemplateContextCustomizer@14571483], resourceBasePath = 'src/main/webapp', contextLoader = 'org.springframework.boot.test.context.SpringBootContextLoader', parent = [null]], attributes = map['org.springframework.test.context.web.ServletTestExecutionListener.activateListener' -> true]], class annotated with @DirtiesContext [false] with mode [null].
22:00:32.163 [Test worker] DEBUG org.springframework.test.annotation.ProfileValueUtils - Retrieved @ProfileValueSourceConfiguration [null] for test class [com.example.demo.TesteSpringApplicationTests]
22:00:32.163 [Test worker] DEBUG org.springframework.test.annotation.ProfileValueUtils - Retrieved ProfileValueSource type [class org.springframework.test.annotation.SystemProfileValueSource] for class [com.example.demo.TesteSpringApplicationTests]
22:00:32.178 [Test worker] DEBUG org.springframework.test.context.support.TestPropertySourceUtils - Adding inlined properties to environment: {spring.jmx.enabled=false, org.springframework.boot.test.context.SpringBootTestContextBootstrapper=true, server.port=-1}

  .   ____          _            __ _ _
 /\\ / ___'_ __ _ _(_)_ __  __ _ \ \ \ \
( ( )\___ | '_ | '_| | '_ \/ _` | \ \ \ \
 \\/  ___)| |_)| | | | | || (_| |  ) ) ) )
  '  |____| .__|_| |_|_| |_\__, | / / / /
 =========|_|==============|___/=/_/_/_/
 :: Spring Boot ::        (v2.1.9.RELEASE)

2019-10-16 22:00:32.363  INFO 7028 --- [    Test worker] c.e.demo.TesteSpringApplicationTests     : Starting TesteSpringApplicationTests on LAB with PID 7028 (started by IFSP in D:\ARQUIVOS DOS ALUNOS\nessa\demo_spring-20191016T222958Z-001\demo_spring\demo)
2019-10-16 22:00:32.364  INFO 7028 --- [    Test worker] c.e.demo.TesteSpringApplicationTests     : No active profile set, falling back to default profiles: default
2019-10-16 22:00:32.905  INFO 7028 --- [    Test worker] .s.d.r.c.RepositoryConfigurationDelegate : Bootstrapping Spring Data repositories in DEFAULT mode.
2019-10-16 22:00:32.971  INFO 7028 --- [    Test worker] .s.d.r.c.RepositoryConfigurationDelegate : Finished Spring Data repository scanning in 59ms. Found 1 repository interfaces.
2019-10-16 22:00:33.293  INFO 7028 --- [    Test worker] trationDelegate$BeanPostProcessorChecker : Bean 'org.springframework.transaction.annotation.ProxyTransactionManagementConfiguration' of type [org.springframework.transaction.annotation.ProxyTransactionManagementConfiguration$$EnhancerBySpringCGLIB$$f443ef51] is not eligible for getting processed by all BeanPostProcessors (for example: not eligible for auto-proxying)
2019-10-16 22:00:33.471  INFO 7028 --- [    Test worker] com.zaxxer.hikari.HikariDataSource       : HikariPool-1 - Starting...
2019-10-16 22:00:33.692  INFO 7028 --- [    Test worker] com.zaxxer.hikari.HikariDataSource       : HikariPool-1 - Start completed.
2019-10-16 22:00:33.747  INFO 7028 --- [    Test worker] o.hibernate.jpa.internal.util.LogHelper  : HHH000204: Processing PersistenceUnitInfo [
	name: default
	...]
2019-10-16 22:00:33.805  INFO 7028 --- [    Test worker] org.hibernate.Version                    : HHH000412: Hibernate Core {5.3.12.Final}
2019-10-16 22:00:33.806  INFO 7028 --- [    Test worker] org.hibernate.cfg.Environment            : HHH000206: hibernate.properties not found
2019-10-16 22:00:33.933  INFO 7028 --- [    Test worker] o.hibernate.annotations.common.Version   : HCANN000001: Hibernate Commons Annotations {5.0.4.Final}
2019-10-16 22:00:34.059  INFO 7028 --- [    Test worker] org.hibernate.dialect.Dialect            : HHH000400: Using dialect: org.hibernate.dialect.H2Dialect
2019-10-16 22:00:34.609  INFO 7028 --- [    Test worker] j.LocalContainerEntityManagerFactoryBean : Initialized JPA EntityManagerFactory for persistence unit 'default'
2019-10-16 22:00:35.338  INFO 7028 --- [    Test worker] o.s.s.concurrent.ThreadPoolTaskExecutor  : Initializing ExecutorService 'applicationTaskExecutor'
2019-10-16 22:00:35.382  WARN 7028 --- [    Test worker] aWebConfiguration$JpaWebMvcConfiguration : spring.jpa.open-in-view is enabled by default. Therefore, database queries may be performed during view rendering. Explicitly configure spring.jpa.open-in-view to disable this warning
2019-10-16 22:00:35.762  INFO 7028 --- [    Test worker] c.e.demo.TesteSpringApplicationTests     : Started TesteSpringApplicationTests in 3.578 seconds (JVM running for 4.442)
]]></system-out>
  <system-err><![CDATA[]]></system-err>
</testsuite>
